<?xml version="1.0" encoding="UTF-8"?>
<testng-results ignored="0" total="10" passed="10" failed="0" skipped="0">
  <reporter-output>
  </reporter-output>
  <suite started-at="2022-07-30T14:54:27 IST" name="Suite" finished-at="2022-07-30T14:54:45 IST" duration-ms="18145">
    <groups>
    </groups>
    <test started-at="2022-07-30T14:54:27 IST" name="Test" finished-at="2022-07-30T14:54:45 IST" duration-ms="18145">
      <class name="Tide.Tide">
        <test-method is-config="true" signature="driverconfig(java.lang.String)[pri:0, instance:Tide.Tide@3d74bf60]" started-at="2022-07-30T14:54:27 IST" name="driverconfig" finished-at="2022-07-30T14:54:30 IST" duration-ms="3511" status="PASS">
          <params>
            <param index="0">
              <value>
                <![CDATA[chrome]]>
              </value>
            </param>
          </params>
          <reporter-output>
          </reporter-output>
        </test-method> <!-- driverconfig -->
        <test-method signature="Products()[pri:1, instance:Tide.Tide@3d74bf60]" started-at="2022-07-30T14:54:30 IST" name="Products" finished-at="2022-07-30T14:54:31 IST" duration-ms="1228" status="PASS">
          <reporter-output>
          </reporter-output>
        </test-method> <!-- Products -->
        <test-method signature="shop()[pri:2, instance:Tide.Tide@3d74bf60]" started-at="2022-07-30T14:54:31 IST" name="shop" finished-at="2022-07-30T14:54:33 IST" duration-ms="2168" status="PASS">
          <reporter-output>
          </reporter-output>
        </test-method> <!-- shop -->
        <test-method signature="white()[pri:3, instance:Tide.Tide@3d74bf60]" started-at="2022-07-30T14:54:33 IST" name="white" finished-at="2022-07-30T14:54:36 IST" duration-ms="2342" status="PASS">
          <reporter-output>
          </reporter-output>
        </test-method> <!-- white -->
        <test-method signature="whites()[pri:4, instance:Tide.Tide@3d74bf60]" started-at="2022-07-30T14:54:36 IST" name="whites" finished-at="2022-07-30T14:54:36 IST" duration-ms="217" status="PASS">
          <reporter-output>
          </reporter-output>
        </test-method> <!-- whites -->
        <test-method signature="text()[pri:5, instance:Tide.Tide@3d74bf60]" started-at="2022-07-30T14:54:36 IST" name="text" finished-at="2022-07-30T14:54:37 IST" duration-ms="1038" status="PASS">
          <reporter-output>
          </reporter-output>
        </test-method> <!-- text -->
        <test-method signature="srh()[pri:6, instance:Tide.Tide@3d74bf60]" started-at="2022-07-30T14:54:37 IST" name="srh" finished-at="2022-07-30T14:54:38 IST" duration-ms="747" status="PASS">
          <reporter-output>
          </reporter-output>
        </test-method> <!-- srh -->
        <test-method signature="liquid()[pri:7, instance:Tide.Tide@3d74bf60]" started-at="2022-07-30T14:54:38 IST" name="liquid" finished-at="2022-07-30T14:54:40 IST" duration-ms="2332" status="PASS">
          <reporter-output>
          </reporter-output>
        </test-method> <!-- liquid -->
        <test-method signature="liqtext()[pri:8, instance:Tide.Tide@3d74bf60]" started-at="2022-07-30T14:54:40 IST" name="liqtext" finished-at="2022-07-30T14:54:42 IST" duration-ms="2231" status="PASS">
          <reporter-output>
          </reporter-output>
        </test-method> <!-- liqtext -->
        <test-method signature="livechat()[pri:9, instance:Tide.Tide@3d74bf60]" started-at="2022-07-30T14:54:42 IST" name="livechat" finished-at="2022-07-30T14:54:43 IST" duration-ms="202" status="PASS">
          <reporter-output>
          </reporter-output>
        </test-method> <!-- livechat -->
        <test-method signature="livetest()[pri:9, instance:Tide.Tide@3d74bf60]" started-at="2022-07-30T14:54:43 IST" name="livetest" finished-at="2022-07-30T14:54:44 IST" duration-ms="943" status="PASS">
          <reporter-output>
          </reporter-output>
        </test-method> <!-- livetest -->
        <test-method is-config="true" signature="driverexit()[pri:0, instance:Tide.Tide@3d74bf60]" started-at="2022-07-30T14:54:44 IST" name="driverexit" finished-at="2022-07-30T14:54:45 IST" duration-ms="1144" status="PASS">
          <reporter-output>
          </reporter-output>
        </test-method> <!-- driverexit -->
      </class> <!-- Tide.Tide -->
    </test> <!-- Test -->
  </suite> <!-- Suite -->
</testng-results>
